charType=human,profession=unemployed-poor,age=adult,gender=non-binary,bodyType=average charType=human,age=baby,gender=male charType=dog charType=cat|charType=human,profession=criminal,age=adult,gender=non-binary,bodyType=average charType=human,profession=unemployed--wealthy,age=adult,gender=female,bodyType=fast,pregnant=False charType=human,profession=unknown,age=adult,gender=male,bodyType=slow charType=human,age=baby,gender=male|passengers
charType=human,profession=unknown,age=adult,gender=non-binary,bodyType=average charType=human,profession=unknown,age=adult,gender=male,bodyType=average|charType=human,age=elderly,gender=male charType=human,profession=unknown,age=adult,gender=non-binary,bodyType=slow|passengers
charType=human,age=elderly,gender=female|charType=human,age=baby,gender=male|pedestrians
charType=human,profession=CEO,age=adult,gender=female,bodyType=slow,pregnant=False charType=human,age=baby,gender=male|charType=human,age=child,gender=female charType=human,age=child,gender=non-binary|pedestrians
charType=human,age=child,gender=non-binary charType=human,age=child,gender=female charType=human,age=elderly,gender=non-binary|charType=dog charType=human,age=child,gender=male charType=human,profession=unemployed--wealthy,age=adult,gender=female,bodyType=average,pregnant=False|passengers
charType=cat charType=human,profession=unknown,age=adult,gender=male,bodyType=average charType=cat|charType=human,age=elderly,gender=non-binary charType=human,age=child,gender=non-binary charType=human,age=child,gender=male|pedestrians
charType=human,age=elderly,gender=male|charType=human,age=child,gender=male|pedestrians
charType=human,profession=criminal,age=adult,gender=non-binary,bodyType=average charType=human,age=child,gender=non-binary charType=human,profession=unknown,age=adult,gender=male,bodyType=slow|charType=human,profession=unemployed--wealthy,age=adult,gender=female,bodyType=average,pregnant=False charType=human,age=elderly,gender=non-binary charType=human,profession=doctor,age=adult,gender=female,bodyType=fast,pregnant=False|passengers
charType=human,age=child,gender=non-binary|charType=human,profession=unemployed--wealthy,age=adult,gender=male,bodyType=fast|passengers
charType=human,profession=unknown,age=adult,gender=non-binary,bodyType=fast|charType=human,age=baby,gender=female|pedestrians
charType=cat charType=human,age=baby,gender=female charType=cat charType=human,profession=unemployed--wealthy,age=adult,gender=non-binary,bodyType=fast|charType=human,age=child,gender=non-binary charType=human,profession=CEO,age=adult,gender=non-binary,bodyType=fast charType=human,profession=criminal,age=adult,gender=female,bodyType=average,pregnant=True charType=human,profession=doctor,age=adult,gender=male,bodyType=average|pedestrians
charType=human,age=elderly,gender=female charType=human,age=child,gender=male charType=human,age=elderly,gender=male charType=human,age=child,gender=female|charType=human,age=child,gender=male charType=cat charType=human,profession=unemployed--wealthy,age=adult,gender=non-binary,bodyType=slow charType=human,age=child,gender=female|passengers
charType=human,age=elderly,gender=male charType=dog charType=human,profession=unemployed--wealthy,age=adult,gender=non-binary,bodyType=slow|charType=human,age=child,gender=female charType=human,profession=unemployed-poor,age=adult,gender=female,bodyType=average,pregnant=False charType=human,profession=unknown,age=adult,gender=female,bodyType=slow,pregnant=True|passengers
charType=cat|charType=human,profession=doctor,age=adult,gender=female,bodyType=average,pregnant=False|pedestrians
charType=human,age=elderly,gender=non-binary charType=human,profession=unknown,age=adult,gender=female,bodyType=average,pregnant=False|charType=human,age=elderly,gender=female charType=cat|passengers
charType=human,profession=unknown,age=adult,gender=male,bodyType=average charType=human,profession=unemployed--wealthy,age=adult,gender=male,bodyType=slow charType=human,profession=unemployed-poor,age=adult,gender=male,bodyType=average charType=human,age=elderly,gender=male|charType=human,age=baby,gender=non-binary charType=cat charType=human,age=elderly,gender=non-binary charType=human,profession=doctor,age=adult,gender=male,bodyType=fast|passengers
charType=dog charType=human,profession=unknown,age=adult,gender=non-binary,bodyType=average|charType=human,age=baby,gender=non-binary charType=human,age=child,gender=female|pedestrians
charType=human,age=baby,gender=male charType=human,age=baby,gender=non-binary|charType=human,profession=unemployed--wealthy,age=adult,gender=male,bodyType=average charType=human,age=child,gender=non-binary|passengers
charType=human,age=baby,gender=non-binary charType=dog|charType=human,profession=unemployed-poor,age=adult,gender=male,bodyType=average charType=human,age=elderly,gender=female|passengers
charType=human,profession=CEO,age=adult,gender=female,bodyType=fast,pregnant=False charType=dog charType=dog|charType=human,age=elderly,gender=non-binary charType=human,age=elderly,gender=female charType=cat|passengers
charType=human,age=baby,gender=male|charType=human,profession=unknown,age=adult,gender=non-binary,bodyType=slow|passengers
charType=dog charType=human,age=child,gender=male charType=human,age=baby,gender=male|charType=human,age=elderly,gender=non-binary charType=human,age=child,gender=non-binary charType=cat|passengers
charType=human,age=baby,gender=male charType=human,profession=criminal,age=adult,gender=non-binary,bodyType=average charType=human,age=child,gender=male charType=human,profession=unemployed-poor,age=adult,gender=male,bodyType=fast|charType=human,profession=doctor,age=adult,gender=male,bodyType=average charType=human,profession=unknown,age=adult,gender=male,bodyType=average charType=human,age=baby,gender=male charType=human,age=child,gender=female|pedestrians
charType=human,profession=unemployed--wealthy,age=adult,gender=non-binary,bodyType=average|charType=human,age=child,gender=non-binary|pedestrians
charType=human,profession=criminal,age=adult,gender=non-binary,bodyType=average charType=human,age=child,gender=female charType=human,age=child,gender=male charType=cat|charType=cat charType=human,profession=unknown,age=adult,gender=male,bodyType=average charType=human,profession=CEO,age=adult,gender=female,bodyType=average,pregnant=True charType=human,age=baby,gender=male|pedestrians
charType=human,age=baby,gender=male charType=human,profession=doctor,age=adult,gender=non-binary,bodyType=average charType=human,profession=unknown,age=adult,gender=non-binary,bodyType=average charType=human,profession=unemployed--wealthy,age=adult,gender=female,bodyType=fast,pregnant=False|charType=human,age=elderly,gender=male charType=human,profession=unknown,age=adult,gender=male,bodyType=average charType=human,profession=CEO,age=adult,gender=non-binary,bodyType=fast charType=human,profession=unknown,age=adult,gender=female,bodyType=slow,pregnant=False|passengers
charType=cat|charType=human,profession=unemployed-poor,age=adult,gender=male,bodyType=average|pedestrians
charType=human,age=elderly,gender=female charType=human,profession=unknown,age=adult,gender=male,bodyType=fast charType=human,age=baby,gender=non-binary charType=human,age=elderly,gender=female|charType=dog charType=human,profession=unknown,age=adult,gender=female,bodyType=average,pregnant=False charType=human,age=child,gender=female charType=human,profession=unknown,age=adult,gender=male,bodyType=fast|passengers
charType=human,profession=unknown,age=adult,gender=non-binary,bodyType=fast|charType=human,profession=CEO,age=adult,gender=non-binary,bodyType=average|pedestrians
charType=human,profession=unknown,age=adult,gender=female,bodyType=average,pregnant=False charType=human,profession=unknown,age=adult,gender=female,bodyType=average,pregnant=False charType=cat charType=cat|charType=human,age=baby,gender=male charType=human,age=child,gender=male charType=human,profession=unemployed-poor,age=adult,gender=non-binary,bodyType=slow charType=dog|pedestrians
charType=human,profession=unemployed-poor,age=adult,gender=male,bodyType=average|charType=human,age=child,gender=non-binary|passengers
charType=human,profession=criminal,age=adult,gender=female,bodyType=average,pregnant=False charType=human,age=elderly,gender=female charType=dog charType=human,age=baby,gender=female|charType=human,profession=CEO,age=adult,gender=male,bodyType=average charType=human,age=elderly,gender=non-binary charType=human,profession=criminal,age=adult,gender=male,bodyType=average charType=human,age=elderly,gender=non-binary|passengers
charType=human,age=baby,gender=male charType=human,age=elderly,gender=male|charType=human,age=baby,gender=female charType=human,profession=CEO,age=adult,gender=female,bodyType=fast,pregnant=False|pedestrians
charType=human,age=elderly,gender=non-binary|charType=human,age=elderly,gender=male|pedestrians
charType=human,profession=unknown,age=adult,gender=non-binary,bodyType=average charType=dog|charType=cat charType=human,age=elderly,gender=male|passengers
charType=human,profession=unknown,age=adult,gender=non-binary,bodyType=fast charType=human,profession=unknown,age=adult,gender=non-binary,bodyType=average|charType=human,age=elderly,gender=male charType=human,age=baby,gender=non-binary|pedestrians
charType=human,age=baby,gender=female charType=cat charType=cat|charType=human,age=baby,gender=male charType=human,profession=unemployed--wealthy,age=adult,gender=male,bodyType=fast charType=human,age=baby,gender=male|pedestrians
charType=dog|charType=cat|pedestrians
charType=human,profession=criminal,age=adult,gender=non-binary,bodyType=slow charType=human,profession=unknown,age=adult,gender=non-binary,bodyType=average|charType=human,profession=CEO,age=adult,gender=female,bodyType=slow,pregnant=False charType=human,profession=criminal,age=adult,gender=female,bodyType=average,pregnant=True|pedestrians
charType=human,age=child,gender=non-binary charType=human,age=child,gender=non-binary charType=human,age=baby,gender=male charType=cat|charType=human,age=child,gender=female charType=human,age=child,gender=male charType=human,age=baby,gender=non-binary charType=human,profession=CEO,age=adult,gender=male,bodyType=average|passengers
charType=human,profession=criminal,age=adult,gender=female,bodyType=slow,pregnant=False|charType=cat|passengers
charType=human,profession=doctor,age=adult,gender=female,bodyType=average,pregnant=True charType=human,profession=unknown,age=adult,gender=non-binary,bodyType=fast|charType=human,profession=criminal,age=adult,gender=non-binary,bodyType=fast charType=human,profession=unemployed--wealthy,age=adult,gender=female,bodyType=fast,pregnant=True|passengers
charType=cat charType=human,profession=doctor,age=adult,gender=male,bodyType=fast|charType=human,age=baby,gender=non-binary charType=human,profession=unknown,age=adult,gender=male,bodyType=fast|passengers
charType=dog|charType=dog|passengers
charType=human,age=child,gender=female|charType=human,profession=unemployed--wealthy,age=adult,gender=female,bodyType=slow,pregnant=False|passengers
charType=human,profession=doctor,age=adult,gender=non-binary,bodyType=average charType=human,age=child,gender=female charType=human,profession=CEO,age=adult,gender=male,bodyType=slow charType=human,age=elderly,gender=non-binary|charType=human,age=child,gender=female charType=human,profession=unknown,age=adult,gender=non-binary,bodyType=average charType=human,profession=unemployed--wealthy,age=adult,gender=non-binary,bodyType=fast charType=human,age=baby,gender=non-binary|pedestrians
charType=human,age=baby,gender=female charType=human,age=baby,gender=male|charType=dog charType=cat|passengers
charType=dog charType=human,age=elderly,gender=female charType=human,profession=unknown,age=adult,gender=male,bodyType=slow|charType=cat charType=dog charType=human,profession=criminal,age=adult,gender=female,bodyType=slow,pregnant=False|passengers
charType=cat charType=human,age=baby,gender=male charType=human,age=child,gender=female charType=human,age=baby,gender=female|charType=human,age=baby,gender=non-binary charType=human,profession=CEO,age=adult,gender=male,bodyType=average charType=human,profession=unemployed-poor,age=adult,gender=non-binary,bodyType=slow charType=cat|passengers
charType=human,age=elderly,gender=non-binary charType=human,profession=unknown,age=adult,gender=male,bodyType=average charType=human,profession=unknown,age=adult,gender=non-binary,bodyType=average charType=dog|charType=human,profession=unknown,age=adult,gender=non-binary,bodyType=average charType=human,profession=criminal,age=adult,gender=non-binary,bodyType=fast charType=human,profession=unknown,age=adult,gender=male,bodyType=average charType=human,age=elderly,gender=non-binary|pedestrians
charType=human,profession=unemployed-poor,age=adult,gender=male,bodyType=average charType=human,profession=unemployed-poor,age=adult,gender=non-binary,bodyType=slow|charType=human,age=child,gender=female charType=human,profession=unknown,age=adult,gender=male,bodyType=average|pedestrians
charType=human,age=child,gender=female|charType=human,age=baby,gender=non-binary|passengers
charType=cat charType=human,age=child,gender=non-binary|charType=dog charType=human,profession=unknown,age=adult,gender=female,bodyType=fast,pregnant=False|passengers
charType=human,age=elderly,gender=female|charType=human,profession=unemployed--wealthy,age=adult,gender=non-binary,bodyType=slow|pedestrians
charType=human,age=child,gender=female charType=dog charType=human,profession=CEO,age=adult,gender=male,bodyType=slow|charType=human,profession=doctor,age=adult,gender=female,bodyType=fast,pregnant=False charType=human,profession=unknown,age=adult,gender=non-binary,bodyType=average charType=human,profession=unknown,age=adult,gender=male,bodyType=average|pedestrians
charType=human,age=baby,gender=female charType=human,profession=criminal,age=adult,gender=male,bodyType=slow|charType=human,age=child,gender=non-binary charType=human,age=baby,gender=male|pedestrians
charType=human,profession=doctor,age=adult,gender=non-binary,bodyType=slow|charType=human,profession=unknown,age=adult,gender=male,bodyType=slow|passengers
charType=human,profession=unknown,age=adult,gender=non-binary,bodyType=average|charType=human,profession=unemployed--wealthy,age=adult,gender=non-binary,bodyType=fast|passengers
charType=human,age=baby,gender=male charType=human,age=baby,gender=male charType=cat|charType=human,age=elderly,gender=non-binary charType=human,profession=unemployed-poor,age=adult,gender=female,bodyType=slow,pregnant=True charType=dog|passengers
charType=human,profession=criminal,age=adult,gender=male,bodyType=average charType=dog|charType=human,profession=unemployed-poor,age=adult,gender=non-binary,bodyType=average charType=dog|passengers
